[2021-01-16 12:30:57.068] [exthost] [info] extension host started
[2021-01-16 12:30:57.184] [exthost] [info] ExtensionService#_doActivateExtension vscode.python {"startup":false,"extensionId":{"value":"vscode.python","_lower":"vscode.python"},"activationEvent":"onLanguage:python"}
[2021-01-16 12:30:57.184] [exthost] [info] ExtensionService#loadCommonJSModule file:///usr/lib/code/extensions/python/dist/pythonMain
[2021-01-16 12:30:57.188] [exthost] [info] ExtensionService#_doActivateExtension ms-python.python {"startup":false,"extensionId":{"value":"ms-python.python","_lower":"ms-python.python"},"activationEvent":"onLanguage:python"}
[2021-01-16 12:30:57.188] [exthost] [info] ExtensionService#loadCommonJSModule file:///home/adrian/.vscode-oss/extensions/ms-python.python-2020.10.332292344/out/client/extension
[2021-01-16 12:30:57.325] [exthost] [info] ExtensionService#_doActivateExtension vscode.debug-auto-launch {"startup":true,"extensionId":{"value":"vscode.debug-auto-launch","_lower":"vscode.debug-auto-launch"},"activationEvent":"*"}
[2021-01-16 12:30:57.325] [exthost] [info] ExtensionService#loadCommonJSModule file:///usr/lib/code/extensions/debug-auto-launch/dist/extension
[2021-01-16 12:30:57.329] [exthost] [info] ExtensionService#_doActivateExtension vscode.emmet {"startup":true,"extensionId":{"value":"vscode.emmet","_lower":"vscode.emmet"},"activationEvent":"*"}
[2021-01-16 12:30:57.329] [exthost] [info] ExtensionService#loadCommonJSModule file:///usr/lib/code/extensions/emmet/dist/node/emmetNodeMain
[2021-01-16 12:30:57.346] [exthost] [info] ExtensionService#_doActivateExtension vscode.git {"startup":true,"extensionId":{"value":"vscode.github","_lower":"vscode.github"},"activationEvent":"*"}
[2021-01-16 12:30:57.346] [exthost] [info] ExtensionService#loadCommonJSModule file:///usr/lib/code/extensions/git/dist/main
[2021-01-16 12:30:57.376] [exthost] [info] ExtensionService#_doActivateExtension vscode.merge-conflict {"startup":true,"extensionId":{"value":"vscode.merge-conflict","_lower":"vscode.merge-conflict"},"activationEvent":"*"}
[2021-01-16 12:30:57.376] [exthost] [info] ExtensionService#loadCommonJSModule file:///usr/lib/code/extensions/merge-conflict/dist/mergeConflictMain
[2021-01-16 12:30:57.386] [exthost] [info] ExtensionService#_doActivateExtension vscode.search-result {"startup":true,"extensionId":{"value":"vscode.search-result","_lower":"vscode.search-result"},"activationEvent":"*"}
[2021-01-16 12:30:57.386] [exthost] [info] ExtensionService#loadCommonJSModule file:///usr/lib/code/extensions/search-result/dist/extension.js
[2021-01-16 12:30:57.389] [exthost] [info] ExtensionService#_doActivateExtension naumovs.color-highlight {"startup":true,"extensionId":{"value":"naumovs.color-highlight","_lower":"naumovs.color-highlight"},"activationEvent":"*"}
[2021-01-16 12:30:57.389] [exthost] [info] ExtensionService#loadCommonJSModule file:///home/adrian/.vscode-oss/extensions/naumovs.color-highlight-2.3.0/dist/extension
[2021-01-16 12:30:57.396] [exthost] [info] ExtensionService#_doActivateExtension PKief.material-icon-theme {"startup":true,"extensionId":{"value":"PKief.material-icon-theme","_lower":"pkief.material-icon-theme"},"activationEvent":"*"}
[2021-01-16 12:30:57.397] [exthost] [info] ExtensionService#loadCommonJSModule file:///home/adrian/.vscode-oss/extensions/pkief.material-icon-theme-4.5.0/dist/extension
[2021-01-16 12:30:57.518] [exthost] [info] ExtensionService#_doActivateExtension vscode.github {"startup":true,"extensionId":{"value":"vscode.github","_lower":"vscode.github"},"activationEvent":"*"}
[2021-01-16 12:30:57.518] [exthost] [info] ExtensionService#loadCommonJSModule file:///usr/lib/code/extensions/github/dist/extension.js
[2021-01-16 12:30:57.562] [exthost] [info] eager extensions activated
[2021-01-16 12:30:57.574] [exthost] [info] ExtensionService#_doActivateExtension ms-vscode.js-debug {"startup":false,"extensionId":{"value":"ms-vscode.js-debug","_lower":"ms-vscode.js-debug"},"activationEvent":"onCommand:extension.js-debug.clearAutoAttachVariables"}
[2021-01-16 12:30:57.574] [exthost] [info] ExtensionService#loadCommonJSModule file:///usr/lib/code/extensions/ms-vscode.js-debug/src/extension.js
[2021-01-16 12:30:59.265] [exthost] [error] [ms-python.python] provider FAILED
[2021-01-16 12:30:59.268] [exthost] [error] Error: [ms-python.python]: Proposed API is only available when running out of dev or with the following command line switch: --enable-proposed-api ms-python.python
	at a (/usr/lib/code/out/vs/workbench/services/extensions/node/extensionHostProcess.js:672:99)
	at Object.t.checkProposedApiEnabled (/usr/lib/code/out/vs/workbench/services/extensions/node/extensionHostProcess.js:672:567)
	at Object.get activeNotebookEditor [as activeNotebookEditor] (/usr/lib/code/out/vs/workbench/services/extensions/node/extensionHostProcess.js:1036:521)
	at u.get activeNotebookEditor [as activeNotebookEditor] (/home/adrian/.vscode-oss/extensions/ms-python.python-2020.10.332292344/out/client/extension.js:56:1203223)
	at g.provideCodeLenses (/home/adrian/.vscode-oss/extensions/ms-python.python-2020.10.332292344/out/client/extension.js:56:229657)
	at b.provideCodeLenses (/usr/lib/code/out/vs/workbench/services/extensions/node/extensionHostProcess.js:751:662)
	at /usr/lib/code/out/vs/workbench/services/extensions/node/extensionHostProcess.js:773:370
	at q._withAdapter (/usr/lib/code/out/vs/workbench/services/extensions/node/extensionHostProcess.js:772:10)
	at q.$provideCodeLenses (/usr/lib/code/out/vs/workbench/services/extensions/node/extensionHostProcess.js:773:348)
	at m._doInvokeHandler (/usr/lib/code/out/vs/workbench/services/extensions/node/extensionHostProcess.js:892:926)
	at m._invokeHandler (/usr/lib/code/out/vs/workbench/services/extensions/node/extensionHostProcess.js:892:618)
	at m._receiveRequest (/usr/lib/code/out/vs/workbench/services/extensions/node/extensionHostProcess.js:891:201)
	at m._receiveOneMessage (/usr/lib/code/out/vs/workbench/services/extensions/node/extensionHostProcess.js:890:6)
	at /usr/lib/code/out/vs/workbench/services/extensions/node/extensionHostProcess.js:888:136
	at l.fire (/usr/lib/code/out/vs/workbench/services/extensions/node/extensionHostProcess.js:46:801)
	at v.fire (/usr/lib/code/out/vs/workbench/services/extensions/node/extensionHostProcess.js:233:787)
	at /usr/lib/code/out/vs/workbench/services/extensions/node/extensionHostProcess.js:1094:104
	at l.fire (/usr/lib/code/out/vs/workbench/services/extensions/node/extensionHostProcess.js:46:801)
	at v.fire (/usr/lib/code/out/vs/workbench/services/extensions/node/extensionHostProcess.js:233:787)
	at t.PersistentProtocol._receiveMessage (/usr/lib/code/out/vs/workbench/services/extensions/node/extensionHostProcess.js:238:1004)
	at /usr/lib/code/out/vs/workbench/services/extensions/node/extensionHostProcess.js:235:927
	at l.fire (/usr/lib/code/out/vs/workbench/services/extensions/node/extensionHostProcess.js:46:801)
	at p.acceptChunk (/usr/lib/code/out/vs/workbench/services/extensions/node/extensionHostProcess.js:231:195)
	at /usr/lib/code/out/vs/workbench/services/extensions/node/extensionHostProcess.js:230:547
	at Socket.t (/usr/lib/code/out/vs/workbench/services/extensions/node/extensionHostProcess.js:240:822)
	at Socket.emit (events.js:223:5)
	at addChunk (_stream_readable.js:309:12)
	at readableAddChunk (_stream_readable.js:290:11)
	at Socket.Readable.push (_stream_readable.js:224:10)
	at Pipe.onStreamRead (internal/stream_base_commons.js:181:23)
[2021-01-16 12:30:59.829] [exthost] [error] [ms-python.python] provider FAILED
[2021-01-16 12:30:59.829] [exthost] [error] Error: [ms-python.python]: Proposed API is only available when running out of dev or with the following command line switch: --enable-proposed-api ms-python.python
	at a (/usr/lib/code/out/vs/workbench/services/extensions/node/extensionHostProcess.js:672:99)
	at Object.t.checkProposedApiEnabled (/usr/lib/code/out/vs/workbench/services/extensions/node/extensionHostProcess.js:672:567)
	at Object.get activeNotebookEditor [as activeNotebookEditor] (/usr/lib/code/out/vs/workbench/services/extensions/node/extensionHostProcess.js:1036:521)
	at u.get activeNotebookEditor [as activeNotebookEditor] (/home/adrian/.vscode-oss/extensions/ms-python.python-2020.10.332292344/out/client/extension.js:56:1203223)
	at g.provideCodeLenses (/home/adrian/.vscode-oss/extensions/ms-python.python-2020.10.332292344/out/client/extension.js:56:229657)
	at b.provideCodeLenses (/usr/lib/code/out/vs/workbench/services/extensions/node/extensionHostProcess.js:751:662)
	at /usr/lib/code/out/vs/workbench/services/extensions/node/extensionHostProcess.js:773:370
	at q._withAdapter (/usr/lib/code/out/vs/workbench/services/extensions/node/extensionHostProcess.js:772:10)
	at q.$provideCodeLenses (/usr/lib/code/out/vs/workbench/services/extensions/node/extensionHostProcess.js:773:348)
	at m._doInvokeHandler (/usr/lib/code/out/vs/workbench/services/extensions/node/extensionHostProcess.js:892:926)
	at m._invokeHandler (/usr/lib/code/out/vs/workbench/services/extensions/node/extensionHostProcess.js:892:618)
	at m._receiveRequest (/usr/lib/code/out/vs/workbench/services/extensions/node/extensionHostProcess.js:891:201)
	at m._receiveOneMessage (/usr/lib/code/out/vs/workbench/services/extensions/node/extensionHostProcess.js:890:6)
	at /usr/lib/code/out/vs/workbench/services/extensions/node/extensionHostProcess.js:888:136
	at l.fire (/usr/lib/code/out/vs/workbench/services/extensions/node/extensionHostProcess.js:46:801)
	at v.fire (/usr/lib/code/out/vs/workbench/services/extensions/node/extensionHostProcess.js:233:787)
	at /usr/lib/code/out/vs/workbench/services/extensions/node/extensionHostProcess.js:1094:104
	at l.fire (/usr/lib/code/out/vs/workbench/services/extensions/node/extensionHostProcess.js:46:801)
	at v.fire (/usr/lib/code/out/vs/workbench/services/extensions/node/extensionHostProcess.js:233:787)
	at t.PersistentProtocol._receiveMessage (/usr/lib/code/out/vs/workbench/services/extensions/node/extensionHostProcess.js:238:1004)
	at /usr/lib/code/out/vs/workbench/services/extensions/node/extensionHostProcess.js:235:927
	at l.fire (/usr/lib/code/out/vs/workbench/services/extensions/node/extensionHostProcess.js:46:801)
	at p.acceptChunk (/usr/lib/code/out/vs/workbench/services/extensions/node/extensionHostProcess.js:231:195)
	at /usr/lib/code/out/vs/workbench/services/extensions/node/extensionHostProcess.js:230:547
	at Socket.t (/usr/lib/code/out/vs/workbench/services/extensions/node/extensionHostProcess.js:240:822)
	at Socket.emit (events.js:223:5)
	at addChunk (_stream_readable.js:309:12)
	at readableAddChunk (_stream_readable.js:290:11)
	at Socket.Readable.push (_stream_readable.js:224:10)
	at Pipe.onStreamRead (internal/stream_base_commons.js:181:23)
[2021-01-16 12:38:17.086] [exthost] [error] [ms-python.python] provider FAILED
[2021-01-16 12:38:17.086] [exthost] [error] Error: [ms-python.python]: Proposed API is only available when running out of dev or with the following command line switch: --enable-proposed-api ms-python.python
	at a (/usr/lib/code/out/vs/workbench/services/extensions/node/extensionHostProcess.js:672:99)
	at Object.t.checkProposedApiEnabled (/usr/lib/code/out/vs/workbench/services/extensions/node/extensionHostProcess.js:672:567)
	at Object.get activeNotebookEditor [as activeNotebookEditor] (/usr/lib/code/out/vs/workbench/services/extensions/node/extensionHostProcess.js:1036:521)
	at u.get activeNotebookEditor [as activeNotebookEditor] (/home/adrian/.vscode-oss/extensions/ms-python.python-2020.10.332292344/out/client/extension.js:56:1203223)
	at g.provideCodeLenses (/home/adrian/.vscode-oss/extensions/ms-python.python-2020.10.332292344/out/client/extension.js:56:229657)
	at b.provideCodeLenses (/usr/lib/code/out/vs/workbench/services/extensions/node/extensionHostProcess.js:751:662)
	at /usr/lib/code/out/vs/workbench/services/extensions/node/extensionHostProcess.js:773:370
	at q._withAdapter (/usr/lib/code/out/vs/workbench/services/extensions/node/extensionHostProcess.js:772:10)
	at q.$provideCodeLenses (/usr/lib/code/out/vs/workbench/services/extensions/node/extensionHostProcess.js:773:348)
	at m._doInvokeHandler (/usr/lib/code/out/vs/workbench/services/extensions/node/extensionHostProcess.js:892:926)
	at m._invokeHandler (/usr/lib/code/out/vs/workbench/services/extensions/node/extensionHostProcess.js:892:618)
	at m._receiveRequest (/usr/lib/code/out/vs/workbench/services/extensions/node/extensionHostProcess.js:891:201)
	at m._receiveOneMessage (/usr/lib/code/out/vs/workbench/services/extensions/node/extensionHostProcess.js:890:6)
	at /usr/lib/code/out/vs/workbench/services/extensions/node/extensionHostProcess.js:888:136
	at l.fire (/usr/lib/code/out/vs/workbench/services/extensions/node/extensionHostProcess.js:46:801)
	at v.fire (/usr/lib/code/out/vs/workbench/services/extensions/node/extensionHostProcess.js:233:787)
	at /usr/lib/code/out/vs/workbench/services/extensions/node/extensionHostProcess.js:1094:104
	at l.fire (/usr/lib/code/out/vs/workbench/services/extensions/node/extensionHostProcess.js:46:801)
	at v.fire (/usr/lib/code/out/vs/workbench/services/extensions/node/extensionHostProcess.js:233:787)
	at t.PersistentProtocol._receiveMessage (/usr/lib/code/out/vs/workbench/services/extensions/node/extensionHostProcess.js:238:1004)
	at /usr/lib/code/out/vs/workbench/services/extensions/node/extensionHostProcess.js:235:927
	at l.fire (/usr/lib/code/out/vs/workbench/services/extensions/node/extensionHostProcess.js:46:801)
	at p.acceptChunk (/usr/lib/code/out/vs/workbench/services/extensions/node/extensionHostProcess.js:231:195)
	at /usr/lib/code/out/vs/workbench/services/extensions/node/extensionHostProcess.js:230:547
	at Socket.t (/usr/lib/code/out/vs/workbench/services/extensions/node/extensionHostProcess.js:240:822)
	at Socket.emit (events.js:223:5)
	at addChunk (_stream_readable.js:309:12)
	at readableAddChunk (_stream_readable.js:290:11)
	at Socket.Readable.push (_stream_readable.js:224:10)
	at Pipe.onStreamRead (internal/stream_base_commons.js:181:23)
[2021-01-16 12:38:53.909] [exthost] [error] [ms-python.python] provider FAILED
[2021-01-16 12:38:53.909] [exthost] [error] Error: [ms-python.python]: Proposed API is only available when running out of dev or with the following command line switch: --enable-proposed-api ms-python.python
	at a (/usr/lib/code/out/vs/workbench/services/extensions/node/extensionHostProcess.js:672:99)
	at Object.t.checkProposedApiEnabled (/usr/lib/code/out/vs/workbench/services/extensions/node/extensionHostProcess.js:672:567)
	at Object.get activeNotebookEditor [as activeNotebookEditor] (/usr/lib/code/out/vs/workbench/services/extensions/node/extensionHostProcess.js:1036:521)
	at u.get activeNotebookEditor [as activeNotebookEditor] (/home/adrian/.vscode-oss/extensions/ms-python.python-2020.10.332292344/out/client/extension.js:56:1203223)
	at g.provideCodeLenses (/home/adrian/.vscode-oss/extensions/ms-python.python-2020.10.332292344/out/client/extension.js:56:229657)
	at b.provideCodeLenses (/usr/lib/code/out/vs/workbench/services/extensions/node/extensionHostProcess.js:751:662)
	at /usr/lib/code/out/vs/workbench/services/extensions/node/extensionHostProcess.js:773:370
	at q._withAdapter (/usr/lib/code/out/vs/workbench/services/extensions/node/extensionHostProcess.js:772:10)
	at q.$provideCodeLenses (/usr/lib/code/out/vs/workbench/services/extensions/node/extensionHostProcess.js:773:348)
	at m._doInvokeHandler (/usr/lib/code/out/vs/workbench/services/extensions/node/extensionHostProcess.js:892:926)
	at m._invokeHandler (/usr/lib/code/out/vs/workbench/services/extensions/node/extensionHostProcess.js:892:618)
	at m._receiveRequest (/usr/lib/code/out/vs/workbench/services/extensions/node/extensionHostProcess.js:891:201)
	at m._receiveOneMessage (/usr/lib/code/out/vs/workbench/services/extensions/node/extensionHostProcess.js:890:6)
	at /usr/lib/code/out/vs/workbench/services/extensions/node/extensionHostProcess.js:888:136
	at l.fire (/usr/lib/code/out/vs/workbench/services/extensions/node/extensionHostProcess.js:46:801)
	at v.fire (/usr/lib/code/out/vs/workbench/services/extensions/node/extensionHostProcess.js:233:787)
	at /usr/lib/code/out/vs/workbench/services/extensions/node/extensionHostProcess.js:1094:104
	at l.fire (/usr/lib/code/out/vs/workbench/services/extensions/node/extensionHostProcess.js:46:801)
	at v.fire (/usr/lib/code/out/vs/workbench/services/extensions/node/extensionHostProcess.js:233:787)
	at t.PersistentProtocol._receiveMessage (/usr/lib/code/out/vs/workbench/services/extensions/node/extensionHostProcess.js:238:1004)
	at /usr/lib/code/out/vs/workbench/services/extensions/node/extensionHostProcess.js:235:927
	at l.fire (/usr/lib/code/out/vs/workbench/services/extensions/node/extensionHostProcess.js:46:801)
	at p.acceptChunk (/usr/lib/code/out/vs/workbench/services/extensions/node/extensionHostProcess.js:231:195)
	at /usr/lib/code/out/vs/workbench/services/extensions/node/extensionHostProcess.js:230:547
	at Socket.t (/usr/lib/code/out/vs/workbench/services/extensions/node/extensionHostProcess.js:240:822)
	at Socket.emit (events.js:223:5)
	at addChunk (_stream_readable.js:309:12)
	at readableAddChunk (_stream_readable.js:290:11)
	at Socket.Readable.push (_stream_readable.js:224:10)
	at Pipe.onStreamRead (internal/stream_base_commons.js:181:23)
[2021-01-16 12:40:54.498] [exthost] [error] [ms-python.python] provider FAILED
[2021-01-16 12:40:54.499] [exthost] [error] Error: [ms-python.python]: Proposed API is only available when running out of dev or with the following command line switch: --enable-proposed-api ms-python.python
	at a (/usr/lib/code/out/vs/workbench/services/extensions/node/extensionHostProcess.js:672:99)
	at Object.t.checkProposedApiEnabled (/usr/lib/code/out/vs/workbench/services/extensions/node/extensionHostProcess.js:672:567)
	at Object.get activeNotebookEditor [as activeNotebookEditor] (/usr/lib/code/out/vs/workbench/services/extensions/node/extensionHostProcess.js:1036:521)
	at u.get activeNotebookEditor [as activeNotebookEditor] (/home/adrian/.vscode-oss/extensions/ms-python.python-2020.10.332292344/out/client/extension.js:56:1203223)
	at g.provideCodeLenses (/home/adrian/.vscode-oss/extensions/ms-python.python-2020.10.332292344/out/client/extension.js:56:229657)
	at b.provideCodeLenses (/usr/lib/code/out/vs/workbench/services/extensions/node/extensionHostProcess.js:751:662)
	at /usr/lib/code/out/vs/workbench/services/extensions/node/extensionHostProcess.js:773:370
	at q._withAdapter (/usr/lib/code/out/vs/workbench/services/extensions/node/extensionHostProcess.js:772:10)
	at q.$provideCodeLenses (/usr/lib/code/out/vs/workbench/services/extensions/node/extensionHostProcess.js:773:348)
	at m._doInvokeHandler (/usr/lib/code/out/vs/workbench/services/extensions/node/extensionHostProcess.js:892:926)
	at m._invokeHandler (/usr/lib/code/out/vs/workbench/services/extensions/node/extensionHostProcess.js:892:618)
	at m._receiveRequest (/usr/lib/code/out/vs/workbench/services/extensions/node/extensionHostProcess.js:891:201)
	at m._receiveOneMessage (/usr/lib/code/out/vs/workbench/services/extensions/node/extensionHostProcess.js:890:6)
	at /usr/lib/code/out/vs/workbench/services/extensions/node/extensionHostProcess.js:888:136
	at l.fire (/usr/lib/code/out/vs/workbench/services/extensions/node/extensionHostProcess.js:46:801)
	at v.fire (/usr/lib/code/out/vs/workbench/services/extensions/node/extensionHostProcess.js:233:787)
	at /usr/lib/code/out/vs/workbench/services/extensions/node/extensionHostProcess.js:1094:104
	at l.fire (/usr/lib/code/out/vs/workbench/services/extensions/node/extensionHostProcess.js:46:801)
	at v.fire (/usr/lib/code/out/vs/workbench/services/extensions/node/extensionHostProcess.js:233:787)
	at t.PersistentProtocol._receiveMessage (/usr/lib/code/out/vs/workbench/services/extensions/node/extensionHostProcess.js:238:1004)
	at /usr/lib/code/out/vs/workbench/services/extensions/node/extensionHostProcess.js:235:927
	at l.fire (/usr/lib/code/out/vs/workbench/services/extensions/node/extensionHostProcess.js:46:801)
	at p.acceptChunk (/usr/lib/code/out/vs/workbench/services/extensions/node/extensionHostProcess.js:231:195)
	at /usr/lib/code/out/vs/workbench/services/extensions/node/extensionHostProcess.js:230:547
	at Socket.t (/usr/lib/code/out/vs/workbench/services/extensions/node/extensionHostProcess.js:240:822)
	at Socket.emit (events.js:223:5)
	at addChunk (_stream_readable.js:309:12)
	at readableAddChunk (_stream_readable.js:290:11)
	at Socket.Readable.push (_stream_readable.js:224:10)
	at Pipe.onStreamRead (internal/stream_base_commons.js:181:23)
[2021-01-16 12:51:42.041] [exthost] [error] [ms-python.python] provider FAILED
[2021-01-16 12:51:42.042] [exthost] [error] Error: [ms-python.python]: Proposed API is only available when running out of dev or with the following command line switch: --enable-proposed-api ms-python.python
	at a (/usr/lib/code/out/vs/workbench/services/extensions/node/extensionHostProcess.js:672:99)
	at Object.t.checkProposedApiEnabled (/usr/lib/code/out/vs/workbench/services/extensions/node/extensionHostProcess.js:672:567)
	at Object.get activeNotebookEditor [as activeNotebookEditor] (/usr/lib/code/out/vs/workbench/services/extensions/node/extensionHostProcess.js:1036:521)
	at u.get activeNotebookEditor [as activeNotebookEditor] (/home/adrian/.vscode-oss/extensions/ms-python.python-2020.10.332292344/out/client/extension.js:56:1203223)
	at g.provideCodeLenses (/home/adrian/.vscode-oss/extensions/ms-python.python-2020.10.332292344/out/client/extension.js:56:229657)
	at b.provideCodeLenses (/usr/lib/code/out/vs/workbench/services/extensions/node/extensionHostProcess.js:751:662)
	at /usr/lib/code/out/vs/workbench/services/extensions/node/extensionHostProcess.js:773:370
	at q._withAdapter (/usr/lib/code/out/vs/workbench/services/extensions/node/extensionHostProcess.js:772:10)
	at q.$provideCodeLenses (/usr/lib/code/out/vs/workbench/services/extensions/node/extensionHostProcess.js:773:348)
	at m._doInvokeHandler (/usr/lib/code/out/vs/workbench/services/extensions/node/extensionHostProcess.js:892:926)
	at m._invokeHandler (/usr/lib/code/out/vs/workbench/services/extensions/node/extensionHostProcess.js:892:618)
	at m._receiveRequest (/usr/lib/code/out/vs/workbench/services/extensions/node/extensionHostProcess.js:891:201)
	at m._receiveOneMessage (/usr/lib/code/out/vs/workbench/services/extensions/node/extensionHostProcess.js:890:6)
	at /usr/lib/code/out/vs/workbench/services/extensions/node/extensionHostProcess.js:888:136
	at l.fire (/usr/lib/code/out/vs/workbench/services/extensions/node/extensionHostProcess.js:46:801)
	at v.fire (/usr/lib/code/out/vs/workbench/services/extensions/node/extensionHostProcess.js:233:787)
	at /usr/lib/code/out/vs/workbench/services/extensions/node/extensionHostProcess.js:1094:104
	at l.fire (/usr/lib/code/out/vs/workbench/services/extensions/node/extensionHostProcess.js:46:801)
	at v.fire (/usr/lib/code/out/vs/workbench/services/extensions/node/extensionHostProcess.js:233:787)
	at t.PersistentProtocol._receiveMessage (/usr/lib/code/out/vs/workbench/services/extensions/node/extensionHostProcess.js:238:1004)
	at /usr/lib/code/out/vs/workbench/services/extensions/node/extensionHostProcess.js:235:927
	at l.fire (/usr/lib/code/out/vs/workbench/services/extensions/node/extensionHostProcess.js:46:801)
	at p.acceptChunk (/usr/lib/code/out/vs/workbench/services/extensions/node/extensionHostProcess.js:231:195)
	at /usr/lib/code/out/vs/workbench/services/extensions/node/extensionHostProcess.js:230:547
	at Socket.t (/usr/lib/code/out/vs/workbench/services/extensions/node/extensionHostProcess.js:240:822)
	at Socket.emit (events.js:223:5)
	at addChunk (_stream_readable.js:309:12)
	at readableAddChunk (_stream_readable.js:290:11)
	at Socket.Readable.push (_stream_readable.js:224:10)
	at Pipe.onStreamRead (internal/stream_base_commons.js:181:23)
[2021-01-16 12:52:36.054] [exthost] [error] [ms-python.python] provider FAILED
[2021-01-16 12:52:36.055] [exthost] [error] Error: [ms-python.python]: Proposed API is only available when running out of dev or with the following command line switch: --enable-proposed-api ms-python.python
	at a (/usr/lib/code/out/vs/workbench/services/extensions/node/extensionHostProcess.js:672:99)
	at Object.t.checkProposedApiEnabled (/usr/lib/code/out/vs/workbench/services/extensions/node/extensionHostProcess.js:672:567)
	at Object.get activeNotebookEditor [as activeNotebookEditor] (/usr/lib/code/out/vs/workbench/services/extensions/node/extensionHostProcess.js:1036:521)
	at u.get activeNotebookEditor [as activeNotebookEditor] (/home/adrian/.vscode-oss/extensions/ms-python.python-2020.10.332292344/out/client/extension.js:56:1203223)
	at g.provideCodeLenses (/home/adrian/.vscode-oss/extensions/ms-python.python-2020.10.332292344/out/client/extension.js:56:229657)
	at b.provideCodeLenses (/usr/lib/code/out/vs/workbench/services/extensions/node/extensionHostProcess.js:751:662)
	at /usr/lib/code/out/vs/workbench/services/extensions/node/extensionHostProcess.js:773:370
	at q._withAdapter (/usr/lib/code/out/vs/workbench/services/extensions/node/extensionHostProcess.js:772:10)
	at q.$provideCodeLenses (/usr/lib/code/out/vs/workbench/services/extensions/node/extensionHostProcess.js:773:348)
	at m._doInvokeHandler (/usr/lib/code/out/vs/workbench/services/extensions/node/extensionHostProcess.js:892:926)
	at m._invokeHandler (/usr/lib/code/out/vs/workbench/services/extensions/node/extensionHostProcess.js:892:618)
	at m._receiveRequest (/usr/lib/code/out/vs/workbench/services/extensions/node/extensionHostProcess.js:891:201)
	at m._receiveOneMessage (/usr/lib/code/out/vs/workbench/services/extensions/node/extensionHostProcess.js:890:6)
	at /usr/lib/code/out/vs/workbench/services/extensions/node/extensionHostProcess.js:888:136
	at l.fire (/usr/lib/code/out/vs/workbench/services/extensions/node/extensionHostProcess.js:46:801)
	at v.fire (/usr/lib/code/out/vs/workbench/services/extensions/node/extensionHostProcess.js:233:787)
	at /usr/lib/code/out/vs/workbench/services/extensions/node/extensionHostProcess.js:1094:104
	at l.fire (/usr/lib/code/out/vs/workbench/services/extensions/node/extensionHostProcess.js:46:801)
	at v.fire (/usr/lib/code/out/vs/workbench/services/extensions/node/extensionHostProcess.js:233:787)
	at t.PersistentProtocol._receiveMessage (/usr/lib/code/out/vs/workbench/services/extensions/node/extensionHostProcess.js:238:1004)
	at /usr/lib/code/out/vs/workbench/services/extensions/node/extensionHostProcess.js:235:927
	at l.fire (/usr/lib/code/out/vs/workbench/services/extensions/node/extensionHostProcess.js:46:801)
	at p.acceptChunk (/usr/lib/code/out/vs/workbench/services/extensions/node/extensionHostProcess.js:231:195)
	at /usr/lib/code/out/vs/workbench/services/extensions/node/extensionHostProcess.js:230:547
	at Socket.t (/usr/lib/code/out/vs/workbench/services/extensions/node/extensionHostProcess.js:240:822)
	at Socket.emit (events.js:223:5)
	at addChunk (_stream_readable.js:309:12)
	at readableAddChunk (_stream_readable.js:290:11)
	at Socket.Readable.push (_stream_readable.js:224:10)
	at Pipe.onStreamRead (internal/stream_base_commons.js:181:23)
[2021-01-16 12:53:48.150] [exthost] [error] [ms-python.python] provider FAILED
[2021-01-16 12:53:48.151] [exthost] [error] Error: [ms-python.python]: Proposed API is only available when running out of dev or with the following command line switch: --enable-proposed-api ms-python.python
	at a (/usr/lib/code/out/vs/workbench/services/extensions/node/extensionHostProcess.js:672:99)
	at Object.t.checkProposedApiEnabled (/usr/lib/code/out/vs/workbench/services/extensions/node/extensionHostProcess.js:672:567)
	at Object.get activeNotebookEditor [as activeNotebookEditor] (/usr/lib/code/out/vs/workbench/services/extensions/node/extensionHostProcess.js:1036:521)
	at u.get activeNotebookEditor [as activeNotebookEditor] (/home/adrian/.vscode-oss/extensions/ms-python.python-2020.10.332292344/out/client/extension.js:56:1203223)
	at g.provideCodeLenses (/home/adrian/.vscode-oss/extensions/ms-python.python-2020.10.332292344/out/client/extension.js:56:229657)
	at b.provideCodeLenses (/usr/lib/code/out/vs/workbench/services/extensions/node/extensionHostProcess.js:751:662)
	at /usr/lib/code/out/vs/workbench/services/extensions/node/extensionHostProcess.js:773:370
	at q._withAdapter (/usr/lib/code/out/vs/workbench/services/extensions/node/extensionHostProcess.js:772:10)
	at q.$provideCodeLenses (/usr/lib/code/out/vs/workbench/services/extensions/node/extensionHostProcess.js:773:348)
	at m._doInvokeHandler (/usr/lib/code/out/vs/workbench/services/extensions/node/extensionHostProcess.js:892:926)
	at m._invokeHandler (/usr/lib/code/out/vs/workbench/services/extensions/node/extensionHostProcess.js:892:618)
	at m._receiveRequest (/usr/lib/code/out/vs/workbench/services/extensions/node/extensionHostProcess.js:891:201)
	at m._receiveOneMessage (/usr/lib/code/out/vs/workbench/services/extensions/node/extensionHostProcess.js:890:6)
	at /usr/lib/code/out/vs/workbench/services/extensions/node/extensionHostProcess.js:888:136
	at l.fire (/usr/lib/code/out/vs/workbench/services/extensions/node/extensionHostProcess.js:46:801)
	at v.fire (/usr/lib/code/out/vs/workbench/services/extensions/node/extensionHostProcess.js:233:787)
	at /usr/lib/code/out/vs/workbench/services/extensions/node/extensionHostProcess.js:1094:104
	at l.fire (/usr/lib/code/out/vs/workbench/services/extensions/node/extensionHostProcess.js:46:801)
	at v.fire (/usr/lib/code/out/vs/workbench/services/extensions/node/extensionHostProcess.js:233:787)
	at t.PersistentProtocol._receiveMessage (/usr/lib/code/out/vs/workbench/services/extensions/node/extensionHostProcess.js:238:1004)
	at /usr/lib/code/out/vs/workbench/services/extensions/node/extensionHostProcess.js:235:927
	at l.fire (/usr/lib/code/out/vs/workbench/services/extensions/node/extensionHostProcess.js:46:801)
	at p.acceptChunk (/usr/lib/code/out/vs/workbench/services/extensions/node/extensionHostProcess.js:231:195)
	at /usr/lib/code/out/vs/workbench/services/extensions/node/extensionHostProcess.js:230:547
	at Socket.t (/usr/lib/code/out/vs/workbench/services/extensions/node/extensionHostProcess.js:240:822)
	at Socket.emit (events.js:223:5)
	at addChunk (_stream_readable.js:309:12)
	at readableAddChunk (_stream_readable.js:290:11)
	at Socket.Readable.push (_stream_readable.js:224:10)
	at Pipe.onStreamRead (internal/stream_base_commons.js:181:23)
[2021-01-16 13:03:53.484] [exthost] [error] [ms-python.python] provider FAILED
[2021-01-16 13:03:53.484] [exthost] [error] Error: [ms-python.python]: Proposed API is only available when running out of dev or with the following command line switch: --enable-proposed-api ms-python.python
	at a (/usr/lib/code/out/vs/workbench/services/extensions/node/extensionHostProcess.js:672:99)
	at Object.t.checkProposedApiEnabled (/usr/lib/code/out/vs/workbench/services/extensions/node/extensionHostProcess.js:672:567)
	at Object.get activeNotebookEditor [as activeNotebookEditor] (/usr/lib/code/out/vs/workbench/services/extensions/node/extensionHostProcess.js:1036:521)
	at u.get activeNotebookEditor [as activeNotebookEditor] (/home/adrian/.vscode-oss/extensions/ms-python.python-2020.10.332292344/out/client/extension.js:56:1203223)
	at g.provideCodeLenses (/home/adrian/.vscode-oss/extensions/ms-python.python-2020.10.332292344/out/client/extension.js:56:229657)
	at b.provideCodeLenses (/usr/lib/code/out/vs/workbench/services/extensions/node/extensionHostProcess.js:751:662)
	at /usr/lib/code/out/vs/workbench/services/extensions/node/extensionHostProcess.js:773:370
	at q._withAdapter (/usr/lib/code/out/vs/workbench/services/extensions/node/extensionHostProcess.js:772:10)
	at q.$provideCodeLenses (/usr/lib/code/out/vs/workbench/services/extensions/node/extensionHostProcess.js:773:348)
	at m._doInvokeHandler (/usr/lib/code/out/vs/workbench/services/extensions/node/extensionHostProcess.js:892:926)
	at m._invokeHandler (/usr/lib/code/out/vs/workbench/services/extensions/node/extensionHostProcess.js:892:618)
	at m._receiveRequest (/usr/lib/code/out/vs/workbench/services/extensions/node/extensionHostProcess.js:891:201)
	at m._receiveOneMessage (/usr/lib/code/out/vs/workbench/services/extensions/node/extensionHostProcess.js:890:6)
	at /usr/lib/code/out/vs/workbench/services/extensions/node/extensionHostProcess.js:888:136
	at l.fire (/usr/lib/code/out/vs/workbench/services/extensions/node/extensionHostProcess.js:46:801)
	at v.fire (/usr/lib/code/out/vs/workbench/services/extensions/node/extensionHostProcess.js:233:787)
	at /usr/lib/code/out/vs/workbench/services/extensions/node/extensionHostProcess.js:1094:104
	at l.fire (/usr/lib/code/out/vs/workbench/services/extensions/node/extensionHostProcess.js:46:801)
	at v.fire (/usr/lib/code/out/vs/workbench/services/extensions/node/extensionHostProcess.js:233:787)
	at t.PersistentProtocol._receiveMessage (/usr/lib/code/out/vs/workbench/services/extensions/node/extensionHostProcess.js:238:1004)
	at /usr/lib/code/out/vs/workbench/services/extensions/node/extensionHostProcess.js:235:927
	at l.fire (/usr/lib/code/out/vs/workbench/services/extensions/node/extensionHostProcess.js:46:801)
	at p.acceptChunk (/usr/lib/code/out/vs/workbench/services/extensions/node/extensionHostProcess.js:231:195)
	at /usr/lib/code/out/vs/workbench/services/extensions/node/extensionHostProcess.js:230:547
	at Socket.t (/usr/lib/code/out/vs/workbench/services/extensions/node/extensionHostProcess.js:240:822)
	at Socket.emit (events.js:223:5)
	at addChunk (_stream_readable.js:309:12)
	at readableAddChunk (_stream_readable.js:290:11)
	at Socket.Readable.push (_stream_readable.js:224:10)
	at Pipe.onStreamRead (internal/stream_base_commons.js:181:23)
